org.apache.uima.analysis_engine.AnalysisEngineProcessException: Annotator processing failed.    
	at org.apache.uima.analysis_engine.impl.PrimitiveAnalysisEngine_impl.callAnalysisComponentProcess(PrimitiveAnalysisEngine_impl.java:390)
	at org.apache.uima.analysis_engine.impl.PrimitiveAnalysisEngine_impl.processAndOutputNewCASes(PrimitiveAnalysisEngine_impl.java:298)
	at org.apache.uima.analysis_engine.asb.impl.ASB_impl$AggregateCasIterator.processUntilNextOutputCas(ASB_impl.java:568)
	at org.apache.uima.analysis_engine.asb.impl.ASB_impl$AggregateCasIterator.<init>(ASB_impl.java:410)
	at org.apache.uima.analysis_engine.asb.impl.ASB_impl.process(ASB_impl.java:343)
	at org.apache.uima.analysis_engine.impl.AggregateAnalysisEngine_impl.processAndOutputNewCASes(AggregateAnalysisEngine_impl.java:265)
	at org.apache.uima.analysis_engine.asb.impl.ASB_impl$AggregateCasIterator.processUntilNextOutputCas(ASB_impl.java:568)
	at org.apache.uima.analysis_engine.asb.impl.ASB_impl$AggregateCasIterator.<init>(ASB_impl.java:410)
	at org.apache.uima.analysis_engine.asb.impl.ASB_impl.process(ASB_impl.java:343)
	at org.apache.uima.analysis_engine.impl.AggregateAnalysisEngine_impl.processAndOutputNewCASes(AggregateAnalysisEngine_impl.java:265)
	at org.apache.uima.analysis_engine.impl.AnalysisEngineImplBase.process(AnalysisEngineImplBase.java:267)
	at org.apache.uima.fit.pipeline.SimplePipeline.runPipeline(SimplePipeline.java:83)
	at org.apache.uima.fit.pipeline.SimplePipeline.runPipeline(SimplePipeline.java:115)
	at org.apache.ctakes.core.pipeline.PipelineBuilder.run(PipelineBuilder.java:409)
	at org.apache.ctakes.core.pipeline.PiperFileRunner.run(PiperFileRunner.java:82)
	at org.apache.ctakes.core.pipeline.PiperFileRunner.main(PiperFileRunner.java:30)
Caused by: java.lang.NullPointerException
	at org.apache.ctakes.temporal.ae.TimeMentionNormalizer.normalize(TimeMentionNormalizer.java:95)
	at org.apache.ctakes.temporal.ae.TimeMentionNormalizer.lambda$process$0(TimeMentionNormalizer.java:74)
	at java.lang.Iterable.forEach(Iterable.java:75)
	at org.apache.ctakes.temporal.ae.TimeMentionNormalizer.process(TimeMentionNormalizer.java:73)
	at org.apache.uima.analysis_component.JCasAnnotator_ImplBase.process(JCasAnnotator_ImplBase.java:48)
	at org.apache.uima.analysis_engine.impl.PrimitiveAnalysisEngine_impl.callAnalysisComponentProcess(PrimitiveAnalysisEngine_impl.java:374)
	... 15 more
